[2016-08-19 12:27:19] production.ERROR: exception 'Symfony\Component\HttpKernel\Exception\NotFoundHttpException' in C:\xampp\htdocs\sisprova\bootstrap\compiled.php:5751
Stack trace:
#0 C:\xampp\htdocs\sisprova\bootstrap\compiled.php(5073): Illuminate\Routing\RouteCollection->match(Object(Illuminate\Http\Request))
#1 C:\xampp\htdocs\sisprova\bootstrap\compiled.php(5061): Illuminate\Routing\Router->findRoute(Object(Illuminate\Http\Request))
#2 C:\xampp\htdocs\sisprova\bootstrap\compiled.php(5053): Illuminate\Routing\Router->dispatchToRoute(Object(Illuminate\Http\Request))
#3 C:\xampp\htdocs\sisprova\bootstrap\compiled.php(715): Illuminate\Routing\Router->dispatch(Object(Illuminate\Http\Request))
#4 C:\xampp\htdocs\sisprova\bootstrap\compiled.php(696): Illuminate\Foundation\Application->dispatch(Object(Illuminate\Http\Request))
#5 C:\xampp\htdocs\sisprova\bootstrap\compiled.php(7825): Illuminate\Foundation\Application->handle(Object(Illuminate\Http\Request), 1, true)
#6 C:\xampp\htdocs\sisprova\bootstrap\compiled.php(8432): Illuminate\Session\Middleware->handle(Object(Illuminate\Http\Request), 1, true)
#7 C:\xampp\htdocs\sisprova\bootstrap\compiled.php(8379): Illuminate\Cookie\Queue->handle(Object(Illuminate\Http\Request), 1, true)
#8 C:\xampp\htdocs\sisprova\bootstrap\compiled.php(11088): Illuminate\Cookie\Guard->handle(Object(Illuminate\Http\Request), 1, true)
#9 C:\xampp\htdocs\sisprova\bootstrap\compiled.php(657): Stack\StackedHttpKernel->handle(Object(Illuminate\Http\Request))
#10 C:\xampp\htdocs\sisprova\public\index.php(49): Illuminate\Foundation\Application->run()
#11 {main} [] []
[2016-08-19 12:27:19] production.ERROR: exception 'Symfony\Component\HttpKernel\Exception\NotFoundHttpException' in C:\xampp\htdocs\sisprova\bootstrap\compiled.php:5751
Stack trace:
#0 C:\xampp\htdocs\sisprova\bootstrap\compiled.php(5073): Illuminate\Routing\RouteCollection->match(Object(Illuminate\Http\Request))
#1 C:\xampp\htdocs\sisprova\bootstrap\compiled.php(5061): Illuminate\Routing\Router->findRoute(Object(Illuminate\Http\Request))
#2 C:\xampp\htdocs\sisprova\bootstrap\compiled.php(5053): Illuminate\Routing\Router->dispatchToRoute(Object(Illuminate\Http\Request))
#3 C:\xampp\htdocs\sisprova\bootstrap\compiled.php(715): Illuminate\Routing\Router->dispatch(Object(Illuminate\Http\Request))
#4 C:\xampp\htdocs\sisprova\bootstrap\compiled.php(696): Illuminate\Foundation\Application->dispatch(Object(Illuminate\Http\Request))
#5 C:\xampp\htdocs\sisprova\bootstrap\compiled.php(7825): Illuminate\Foundation\Application->handle(Object(Illuminate\Http\Request), 1, true)
#6 C:\xampp\htdocs\sisprova\bootstrap\compiled.php(8432): Illuminate\Session\Middleware->handle(Object(Illuminate\Http\Request), 1, true)
#7 C:\xampp\htdocs\sisprova\bootstrap\compiled.php(8379): Illuminate\Cookie\Queue->handle(Object(Illuminate\Http\Request), 1, true)
#8 C:\xampp\htdocs\sisprova\bootstrap\compiled.php(11088): Illuminate\Cookie\Guard->handle(Object(Illuminate\Http\Request), 1, true)
#9 C:\xampp\htdocs\sisprova\bootstrap\compiled.php(657): Stack\StackedHttpKernel->handle(Object(Illuminate\Http\Request))
#10 C:\xampp\htdocs\sisprova\public\index.php(49): Illuminate\Foundation\Application->run()
#11 {main} [] []
[2016-08-19 12:27:19] production.ERROR: exception 'Symfony\Component\HttpKernel\Exception\NotFoundHttpException' in C:\xampp\htdocs\sisprova\bootstrap\compiled.php:5751
Stack trace:
#0 C:\xampp\htdocs\sisprova\bootstrap\compiled.php(5073): Illuminate\Routing\RouteCollection->match(Object(Illuminate\Http\Request))
#1 C:\xampp\htdocs\sisprova\bootstrap\compiled.php(5061): Illuminate\Routing\Router->findRoute(Object(Illuminate\Http\Request))
#2 C:\xampp\htdocs\sisprova\bootstrap\compiled.php(5053): Illuminate\Routing\Router->dispatchToRoute(Object(Illuminate\Http\Request))
#3 C:\xampp\htdocs\sisprova\bootstrap\compiled.php(715): Illuminate\Routing\Router->dispatch(Object(Illuminate\Http\Request))
#4 C:\xampp\htdocs\sisprova\bootstrap\compiled.php(696): Illuminate\Foundation\Application->dispatch(Object(Illuminate\Http\Request))
#5 C:\xampp\htdocs\sisprova\bootstrap\compiled.php(7825): Illuminate\Foundation\Application->handle(Object(Illuminate\Http\Request), 1, true)
#6 C:\xampp\htdocs\sisprova\bootstrap\compiled.php(8432): Illuminate\Session\Middleware->handle(Object(Illuminate\Http\Request), 1, true)
#7 C:\xampp\htdocs\sisprova\bootstrap\compiled.php(8379): Illuminate\Cookie\Queue->handle(Object(Illuminate\Http\Request), 1, true)
#8 C:\xampp\htdocs\sisprova\bootstrap\compiled.php(11088): Illuminate\Cookie\Guard->handle(Object(Illuminate\Http\Request), 1, true)
#9 C:\xampp\htdocs\sisprova\bootstrap\compiled.php(657): Stack\StackedHttpKernel->handle(Object(Illuminate\Http\Request))
#10 C:\xampp\htdocs\sisprova\public\index.php(49): Illuminate\Foundation\Application->run()
#11 {main} [] []
[2016-08-19 12:27:19] production.ERROR: exception 'Symfony\Component\HttpKernel\Exception\NotFoundHttpException' in C:\xampp\htdocs\sisprova\bootstrap\compiled.php:5751
Stack trace:
#0 C:\xampp\htdocs\sisprova\bootstrap\compiled.php(5073): Illuminate\Routing\RouteCollection->match(Object(Illuminate\Http\Request))
#1 C:\xampp\htdocs\sisprova\bootstrap\compiled.php(5061): Illuminate\Routing\Router->findRoute(Object(Illuminate\Http\Request))
#2 C:\xampp\htdocs\sisprova\bootstrap\compiled.php(5053): Illuminate\Routing\Router->dispatchToRoute(Object(Illuminate\Http\Request))
#3 C:\xampp\htdocs\sisprova\bootstrap\compiled.php(715): Illuminate\Routing\Router->dispatch(Object(Illuminate\Http\Request))
#4 C:\xampp\htdocs\sisprova\bootstrap\compiled.php(696): Illuminate\Foundation\Application->dispatch(Object(Illuminate\Http\Request))
#5 C:\xampp\htdocs\sisprova\bootstrap\compiled.php(7825): Illuminate\Foundation\Application->handle(Object(Illuminate\Http\Request), 1, true)
#6 C:\xampp\htdocs\sisprova\bootstrap\compiled.php(8432): Illuminate\Session\Middleware->handle(Object(Illuminate\Http\Request), 1, true)
#7 C:\xampp\htdocs\sisprova\bootstrap\compiled.php(8379): Illuminate\Cookie\Queue->handle(Object(Illuminate\Http\Request), 1, true)
#8 C:\xampp\htdocs\sisprova\bootstrap\compiled.php(11088): Illuminate\Cookie\Guard->handle(Object(Illuminate\Http\Request), 1, true)
#9 C:\xampp\htdocs\sisprova\bootstrap\compiled.php(657): Stack\StackedHttpKernel->handle(Object(Illuminate\Http\Request))
#10 C:\xampp\htdocs\sisprova\public\index.php(49): Illuminate\Foundation\Application->run()
#11 {main} [] []
[2016-08-19 12:27:19] production.ERROR: exception 'Symfony\Component\HttpKernel\Exception\NotFoundHttpException' in C:\xampp\htdocs\sisprova\bootstrap\compiled.php:5751
Stack trace:
#0 C:\xampp\htdocs\sisprova\bootstrap\compiled.php(5073): Illuminate\Routing\RouteCollection->match(Object(Illuminate\Http\Request))
#1 C:\xampp\htdocs\sisprova\bootstrap\compiled.php(5061): Illuminate\Routing\Router->findRoute(Object(Illuminate\Http\Request))
#2 C:\xampp\htdocs\sisprova\bootstrap\compiled.php(5053): Illuminate\Routing\Router->dispatchToRoute(Object(Illuminate\Http\Request))
#3 C:\xampp\htdocs\sisprova\bootstrap\compiled.php(715): Illuminate\Routing\Router->dispatch(Object(Illuminate\Http\Request))
#4 C:\xampp\htdocs\sisprova\bootstrap\compiled.php(696): Illuminate\Foundation\Application->dispatch(Object(Illuminate\Http\Request))
#5 C:\xampp\htdocs\sisprova\bootstrap\compiled.php(7825): Illuminate\Foundation\Application->handle(Object(Illuminate\Http\Request), 1, true)
#6 C:\xampp\htdocs\sisprova\bootstrap\compiled.php(8432): Illuminate\Session\Middleware->handle(Object(Illuminate\Http\Request), 1, true)
#7 C:\xampp\htdocs\sisprova\bootstrap\compiled.php(8379): Illuminate\Cookie\Queue->handle(Object(Illuminate\Http\Request), 1, true)
#8 C:\xampp\htdocs\sisprova\bootstrap\compiled.php(11088): Illuminate\Cookie\Guard->handle(Object(Illuminate\Http\Request), 1, true)
#9 C:\xampp\htdocs\sisprova\bootstrap\compiled.php(657): Stack\StackedHttpKernel->handle(Object(Illuminate\Http\Request))
#10 C:\xampp\htdocs\sisprova\public\index.php(49): Illuminate\Foundation\Application->run()
#11 {main} [] []
[2016-08-19 12:27:19] production.ERROR: exception 'Symfony\Component\HttpKernel\Exception\NotFoundHttpException' in C:\xampp\htdocs\sisprova\bootstrap\compiled.php:5751
Stack trace:
#0 C:\xampp\htdocs\sisprova\bootstrap\compiled.php(5073): Illuminate\Routing\RouteCollection->match(Object(Illuminate\Http\Request))
#1 C:\xampp\htdocs\sisprova\bootstrap\compiled.php(5061): Illuminate\Routing\Router->findRoute(Object(Illuminate\Http\Request))
#2 C:\xampp\htdocs\sisprova\bootstrap\compiled.php(5053): Illuminate\Routing\Router->dispatchToRoute(Object(Illuminate\Http\Request))
#3 C:\xampp\htdocs\sisprova\bootstrap\compiled.php(715): Illuminate\Routing\Router->dispatch(Object(Illuminate\Http\Request))
#4 C:\xampp\htdocs\sisprova\bootstrap\compiled.php(696): Illuminate\Foundation\Application->dispatch(Object(Illuminate\Http\Request))
#5 C:\xampp\htdocs\sisprova\bootstrap\compiled.php(7825): Illuminate\Foundation\Application->handle(Object(Illuminate\Http\Request), 1, true)
#6 C:\xampp\htdocs\sisprova\bootstrap\compiled.php(8432): Illuminate\Session\Middleware->handle(Object(Illuminate\Http\Request), 1, true)
#7 C:\xampp\htdocs\sisprova\bootstrap\compiled.php(8379): Illuminate\Cookie\Queue->handle(Object(Illuminate\Http\Request), 1, true)
#8 C:\xampp\htdocs\sisprova\bootstrap\compiled.php(11088): Illuminate\Cookie\Guard->handle(Object(Illuminate\Http\Request), 1, true)
#9 C:\xampp\htdocs\sisprova\bootstrap\compiled.php(657): Stack\StackedHttpKernel->handle(Object(Illuminate\Http\Request))
#10 C:\xampp\htdocs\sisprova\public\index.php(49): Illuminate\Foundation\Application->run()
#11 {main} [] []
[2016-08-19 12:27:20] production.ERROR: exception 'Symfony\Component\HttpKernel\Exception\NotFoundHttpException' in C:\xampp\htdocs\sisprova\bootstrap\compiled.php:5751
Stack trace:
#0 C:\xampp\htdocs\sisprova\bootstrap\compiled.php(5073): Illuminate\Routing\RouteCollection->match(Object(Illuminate\Http\Request))
#1 C:\xampp\htdocs\sisprova\bootstrap\compiled.php(5061): Illuminate\Routing\Router->findRoute(Object(Illuminate\Http\Request))
#2 C:\xampp\htdocs\sisprova\bootstrap\compiled.php(5053): Illuminate\Routing\Router->dispatchToRoute(Object(Illuminate\Http\Request))
#3 C:\xampp\htdocs\sisprova\bootstrap\compiled.php(715): Illuminate\Routing\Router->dispatch(Object(Illuminate\Http\Request))
#4 C:\xampp\htdocs\sisprova\bootstrap\compiled.php(696): Illuminate\Foundation\Application->dispatch(Object(Illuminate\Http\Request))
#5 C:\xampp\htdocs\sisprova\bootstrap\compiled.php(7825): Illuminate\Foundation\Application->handle(Object(Illuminate\Http\Request), 1, true)
#6 C:\xampp\htdocs\sisprova\bootstrap\compiled.php(8432): Illuminate\Session\Middleware->handle(Object(Illuminate\Http\Request), 1, true)
#7 C:\xampp\htdocs\sisprova\bootstrap\compiled.php(8379): Illuminate\Cookie\Queue->handle(Object(Illuminate\Http\Request), 1, true)
#8 C:\xampp\htdocs\sisprova\bootstrap\compiled.php(11088): Illuminate\Cookie\Guard->handle(Object(Illuminate\Http\Request), 1, true)
#9 C:\xampp\htdocs\sisprova\bootstrap\compiled.php(657): Stack\StackedHttpKernel->handle(Object(Illuminate\Http\Request))
#10 C:\xampp\htdocs\sisprova\public\index.php(49): Illuminate\Foundation\Application->run()
#11 {main} [] []
[2016-08-19 12:27:20] production.ERROR: exception 'Symfony\Component\HttpKernel\Exception\NotFoundHttpException' in C:\xampp\htdocs\sisprova\bootstrap\compiled.php:5751
Stack trace:
#0 C:\xampp\htdocs\sisprova\bootstrap\compiled.php(5073): Illuminate\Routing\RouteCollection->match(Object(Illuminate\Http\Request))
#1 C:\xampp\htdocs\sisprova\bootstrap\compiled.php(5061): Illuminate\Routing\Router->findRoute(Object(Illuminate\Http\Request))
#2 C:\xampp\htdocs\sisprova\bootstrap\compiled.php(5053): Illuminate\Routing\Router->dispatchToRoute(Object(Illuminate\Http\Request))
#3 C:\xampp\htdocs\sisprova\bootstrap\compiled.php(715): Illuminate\Routing\Router->dispatch(Object(Illuminate\Http\Request))
#4 C:\xampp\htdocs\sisprova\bootstrap\compiled.php(696): Illuminate\Foundation\Application->dispatch(Object(Illuminate\Http\Request))
#5 C:\xampp\htdocs\sisprova\bootstrap\compiled.php(7825): Illuminate\Foundation\Application->handle(Object(Illuminate\Http\Request), 1, true)
#6 C:\xampp\htdocs\sisprova\bootstrap\compiled.php(8432): Illuminate\Session\Middleware->handle(Object(Illuminate\Http\Request), 1, true)
#7 C:\xampp\htdocs\sisprova\bootstrap\compiled.php(8379): Illuminate\Cookie\Queue->handle(Object(Illuminate\Http\Request), 1, true)
#8 C:\xampp\htdocs\sisprova\bootstrap\compiled.php(11088): Illuminate\Cookie\Guard->handle(Object(Illuminate\Http\Request), 1, true)
#9 C:\xampp\htdocs\sisprova\bootstrap\compiled.php(657): Stack\StackedHttpKernel->handle(Object(Illuminate\Http\Request))
#10 C:\xampp\htdocs\sisprova\public\index.php(49): Illuminate\Foundation\Application->run()
#11 {main} [] []
[2016-08-19 12:27:50] production.ERROR: exception 'Symfony\Component\HttpKernel\Exception\NotFoundHttpException' in C:\xampp\htdocs\sisprova\bootstrap\compiled.php:5751
Stack trace:
#0 C:\xampp\htdocs\sisprova\bootstrap\compiled.php(5073): Illuminate\Routing\RouteCollection->match(Object(Illuminate\Http\Request))
#1 C:\xampp\htdocs\sisprova\bootstrap\compiled.php(5061): Illuminate\Routing\Router->findRoute(Object(Illuminate\Http\Request))
#2 C:\xampp\htdocs\sisprova\bootstrap\compiled.php(5053): Illuminate\Routing\Router->dispatchToRoute(Object(Illuminate\Http\Request))
#3 C:\xampp\htdocs\sisprova\bootstrap\compiled.php(715): Illuminate\Routing\Router->dispatch(Object(Illuminate\Http\Request))
#4 C:\xampp\htdocs\sisprova\bootstrap\compiled.php(696): Illuminate\Foundation\Application->dispatch(Object(Illuminate\Http\Request))
#5 C:\xampp\htdocs\sisprova\bootstrap\compiled.php(7825): Illuminate\Foundation\Application->handle(Object(Illuminate\Http\Request), 1, true)
#6 C:\xampp\htdocs\sisprova\bootstrap\compiled.php(8432): Illuminate\Session\Middleware->handle(Object(Illuminate\Http\Request), 1, true)
#7 C:\xampp\htdocs\sisprova\bootstrap\compiled.php(8379): Illuminate\Cookie\Queue->handle(Object(Illuminate\Http\Request), 1, true)
#8 C:\xampp\htdocs\sisprova\bootstrap\compiled.php(11088): Illuminate\Cookie\Guard->handle(Object(Illuminate\Http\Request), 1, true)
#9 C:\xampp\htdocs\sisprova\bootstrap\compiled.php(657): Stack\StackedHttpKernel->handle(Object(Illuminate\Http\Request))
#10 C:\xampp\htdocs\sisprova\public\index.php(49): Illuminate\Foundation\Application->run()
#11 {main} [] []
[2016-08-19 12:27:50] production.ERROR: exception 'Symfony\Component\HttpKernel\Exception\NotFoundHttpException' in C:\xampp\htdocs\sisprova\bootstrap\compiled.php:5751
Stack trace:
#0 C:\xampp\htdocs\sisprova\bootstrap\compiled.php(5073): Illuminate\Routing\RouteCollection->match(Object(Illuminate\Http\Request))
#1 C:\xampp\htdocs\sisprova\bootstrap\compiled.php(5061): Illuminate\Routing\Router->findRoute(Object(Illuminate\Http\Request))
#2 C:\xampp\htdocs\sisprova\bootstrap\compiled.php(5053): Illuminate\Routing\Router->dispatchToRoute(Object(Illuminate\Http\Request))
#3 C:\xampp\htdocs\sisprova\bootstrap\compiled.php(715): Illuminate\Routing\Router->dispatch(Object(Illuminate\Http\Request))
#4 C:\xampp\htdocs\sisprova\bootstrap\compiled.php(696): Illuminate\Foundation\Application->dispatch(Object(Illuminate\Http\Request))
#5 C:\xampp\htdocs\sisprova\bootstrap\compiled.php(7825): Illuminate\Foundation\Application->handle(Object(Illuminate\Http\Request), 1, true)
#6 C:\xampp\htdocs\sisprova\bootstrap\compiled.php(8432): Illuminate\Session\Middleware->handle(Object(Illuminate\Http\Request), 1, true)
#7 C:\xampp\htdocs\sisprova\bootstrap\compiled.php(8379): Illuminate\Cookie\Queue->handle(Object(Illuminate\Http\Request), 1, true)
#8 C:\xampp\htdocs\sisprova\bootstrap\compiled.php(11088): Illuminate\Cookie\Guard->handle(Object(Illuminate\Http\Request), 1, true)
#9 C:\xampp\htdocs\sisprova\bootstrap\compiled.php(657): Stack\StackedHttpKernel->handle(Object(Illuminate\Http\Request))
#10 C:\xampp\htdocs\sisprova\public\index.php(49): Illuminate\Foundation\Application->run()
#11 {main} [] []
[2016-08-19 12:27:50] production.ERROR: exception 'Symfony\Component\HttpKernel\Exception\NotFoundHttpException' in C:\xampp\htdocs\sisprova\bootstrap\compiled.php:5751
Stack trace:
#0 C:\xampp\htdocs\sisprova\bootstrap\compiled.php(5073): Illuminate\Routing\RouteCollection->match(Object(Illuminate\Http\Request))
#1 C:\xampp\htdocs\sisprova\bootstrap\compiled.php(5061): Illuminate\Routing\Router->findRoute(Object(Illuminate\Http\Request))
#2 C:\xampp\htdocs\sisprova\bootstrap\compiled.php(5053): Illuminate\Routing\Router->dispatchToRoute(Object(Illuminate\Http\Request))
#3 C:\xampp\htdocs\sisprova\bootstrap\compiled.php(715): Illuminate\Routing\Router->dispatch(Object(Illuminate\Http\Request))
#4 C:\xampp\htdocs\sisprova\bootstrap\compiled.php(696): Illuminate\Foundation\Application->dispatch(Object(Illuminate\Http\Request))
#5 C:\xampp\htdocs\sisprova\bootstrap\compiled.php(7825): Illuminate\Foundation\Application->handle(Object(Illuminate\Http\Request), 1, true)
#6 C:\xampp\htdocs\sisprova\bootstrap\compiled.php(8432): Illuminate\Session\Middleware->handle(Object(Illuminate\Http\Request), 1, true)
#7 C:\xampp\htdocs\sisprova\bootstrap\compiled.php(8379): Illuminate\Cookie\Queue->handle(Object(Illuminate\Http\Request), 1, true)
#8 C:\xampp\htdocs\sisprova\bootstrap\compiled.php(11088): Illuminate\Cookie\Guard->handle(Object(Illuminate\Http\Request), 1, true)
#9 C:\xampp\htdocs\sisprova\bootstrap\compiled.php(657): Stack\StackedHttpKernel->handle(Object(Illuminate\Http\Request))
#10 C:\xampp\htdocs\sisprova\public\index.php(49): Illuminate\Foundation\Application->run()
#11 {main} [] []
[2016-08-19 12:28:10] production.ERROR: exception 'Symfony\Component\HttpKernel\Exception\NotFoundHttpException' in C:\xampp\htdocs\sisprova\bootstrap\compiled.php:5751
Stack trace:
#0 C:\xampp\htdocs\sisprova\bootstrap\compiled.php(5073): Illuminate\Routing\RouteCollection->match(Object(Illuminate\Http\Request))
#1 C:\xampp\htdocs\sisprova\bootstrap\compiled.php(5061): Illuminate\Routing\Router->findRoute(Object(Illuminate\Http\Request))
#2 C:\xampp\htdocs\sisprova\bootstrap\compiled.php(5053): Illuminate\Routing\Router->dispatchToRoute(Object(Illuminate\Http\Request))
#3 C:\xampp\htdocs\sisprova\bootstrap\compiled.php(715): Illuminate\Routing\Router->dispatch(Object(Illuminate\Http\Request))
#4 C:\xampp\htdocs\sisprova\bootstrap\compiled.php(696): Illuminate\Foundation\Application->dispatch(Object(Illuminate\Http\Request))
#5 C:\xampp\htdocs\sisprova\bootstrap\compiled.php(7825): Illuminate\Foundation\Application->handle(Object(Illuminate\Http\Request), 1, true)
#6 C:\xampp\htdocs\sisprova\bootstrap\compiled.php(8432): Illuminate\Session\Middleware->handle(Object(Illuminate\Http\Request), 1, true)
#7 C:\xampp\htdocs\sisprova\bootstrap\compiled.php(8379): Illuminate\Cookie\Queue->handle(Object(Illuminate\Http\Request), 1, true)
#8 C:\xampp\htdocs\sisprova\bootstrap\compiled.php(11088): Illuminate\Cookie\Guard->handle(Object(Illuminate\Http\Request), 1, true)
#9 C:\xampp\htdocs\sisprova\bootstrap\compiled.php(657): Stack\StackedHttpKernel->handle(Object(Illuminate\Http\Request))
#10 C:\xampp\htdocs\sisprova\public\index.php(49): Illuminate\Foundation\Application->run()
#11 {main} [] []
[2016-08-19 12:28:10] production.ERROR: exception 'Symfony\Component\HttpKernel\Exception\NotFoundHttpException' in C:\xampp\htdocs\sisprova\bootstrap\compiled.php:5751
Stack trace:
#0 C:\xampp\htdocs\sisprova\bootstrap\compiled.php(5073): Illuminate\Routing\RouteCollection->match(Object(Illuminate\Http\Request))
#1 C:\xampp\htdocs\sisprova\bootstrap\compiled.php(5061): Illuminate\Routing\Router->findRoute(Object(Illuminate\Http\Request))
#2 C:\xampp\htdocs\sisprova\bootstrap\compiled.php(5053): Illuminate\Routing\Router->dispatchToRoute(Object(Illuminate\Http\Request))
#3 C:\xampp\htdocs\sisprova\bootstrap\compiled.php(715): Illuminate\Routing\Router->dispatch(Object(Illuminate\Http\Request))
#4 C:\xampp\htdocs\sisprova\bootstrap\compiled.php(696): Illuminate\Foundation\Application->dispatch(Object(Illuminate\Http\Request))
#5 C:\xampp\htdocs\sisprova\bootstrap\compiled.php(7825): Illuminate\Foundation\Application->handle(Object(Illuminate\Http\Request), 1, true)
#6 C:\xampp\htdocs\sisprova\bootstrap\compiled.php(8432): Illuminate\Session\Middleware->handle(Object(Illuminate\Http\Request), 1, true)
#7 C:\xampp\htdocs\sisprova\bootstrap\compiled.php(8379): Illuminate\Cookie\Queue->handle(Object(Illuminate\Http\Request), 1, true)
#8 C:\xampp\htdocs\sisprova\bootstrap\compiled.php(11088): Illuminate\Cookie\Guard->handle(Object(Illuminate\Http\Request), 1, true)
#9 C:\xampp\htdocs\sisprova\bootstrap\compiled.php(657): Stack\StackedHttpKernel->handle(Object(Illuminate\Http\Request))
#10 C:\xampp\htdocs\sisprova\public\index.php(49): Illuminate\Foundation\Application->run()
#11 {main} [] []
[2016-08-19 12:28:11] production.ERROR: exception 'Symfony\Component\HttpKernel\Exception\NotFoundHttpException' in C:\xampp\htdocs\sisprova\bootstrap\compiled.php:5751
Stack trace:
#0 C:\xampp\htdocs\sisprova\bootstrap\compiled.php(5073): Illuminate\Routing\RouteCollection->match(Object(Illuminate\Http\Request))
#1 C:\xampp\htdocs\sisprova\bootstrap\compiled.php(5061): Illuminate\Routing\Router->findRoute(Object(Illuminate\Http\Request))
#2 C:\xampp\htdocs\sisprova\bootstrap\compiled.php(5053): Illuminate\Routing\Router->dispatchToRoute(Object(Illuminate\Http\Request))
#3 C:\xampp\htdocs\sisprova\bootstrap\compiled.php(715): Illuminate\Routing\Router->dispatch(Object(Illuminate\Http\Request))
#4 C:\xampp\htdocs\sisprova\bootstrap\compiled.php(696): Illuminate\Foundation\Application->dispatch(Object(Illuminate\Http\Request))
#5 C:\xampp\htdocs\sisprova\bootstrap\compiled.php(7825): Illuminate\Foundation\Application->handle(Object(Illuminate\Http\Request), 1, true)
#6 C:\xampp\htdocs\sisprova\bootstrap\compiled.php(8432): Illuminate\Session\Middleware->handle(Object(Illuminate\Http\Request), 1, true)
#7 C:\xampp\htdocs\sisprova\bootstrap\compiled.php(8379): Illuminate\Cookie\Queue->handle(Object(Illuminate\Http\Request), 1, true)
#8 C:\xampp\htdocs\sisprova\bootstrap\compiled.php(11088): Illuminate\Cookie\Guard->handle(Object(Illuminate\Http\Request), 1, true)
#9 C:\xampp\htdocs\sisprova\bootstrap\compiled.php(657): Stack\StackedHttpKernel->handle(Object(Illuminate\Http\Request))
#10 C:\xampp\htdocs\sisprova\public\index.php(49): Illuminate\Foundation\Application->run()
#11 {main} [] []
[2016-08-19 12:28:11] production.ERROR: exception 'Symfony\Component\HttpKernel\Exception\NotFoundHttpException' in C:\xampp\htdocs\sisprova\bootstrap\compiled.php:5751
Stack trace:
#0 C:\xampp\htdocs\sisprova\bootstrap\compiled.php(5073): Illuminate\Routing\RouteCollection->match(Object(Illuminate\Http\Request))
#1 C:\xampp\htdocs\sisprova\bootstrap\compiled.php(5061): Illuminate\Routing\Router->findRoute(Object(Illuminate\Http\Request))
#2 C:\xampp\htdocs\sisprova\bootstrap\compiled.php(5053): Illuminate\Routing\Router->dispatchToRoute(Object(Illuminate\Http\Request))
#3 C:\xampp\htdocs\sisprova\bootstrap\compiled.php(715): Illuminate\Routing\Router->dispatch(Object(Illuminate\Http\Request))
#4 C:\xampp\htdocs\sisprova\bootstrap\compiled.php(696): Illuminate\Foundation\Application->dispatch(Object(Illuminate\Http\Request))
#5 C:\xampp\htdocs\sisprova\bootstrap\compiled.php(7825): Illuminate\Foundation\Application->handle(Object(Illuminate\Http\Request), 1, true)
#6 C:\xampp\htdocs\sisprova\bootstrap\compiled.php(8432): Illuminate\Session\Middleware->handle(Object(Illuminate\Http\Request), 1, true)
#7 C:\xampp\htdocs\sisprova\bootstrap\compiled.php(8379): Illuminate\Cookie\Queue->handle(Object(Illuminate\Http\Request), 1, true)
#8 C:\xampp\htdocs\sisprova\bootstrap\compiled.php(11088): Illuminate\Cookie\Guard->handle(Object(Illuminate\Http\Request), 1, true)
#9 C:\xampp\htdocs\sisprova\bootstrap\compiled.php(657): Stack\StackedHttpKernel->handle(Object(Illuminate\Http\Request))
#10 C:\xampp\htdocs\sisprova\public\index.php(49): Illuminate\Foundation\Application->run()
#11 {main} [] []
[2016-08-19 12:28:12] production.ERROR: exception 'Symfony\Component\HttpKernel\Exception\NotFoundHttpException' in C:\xampp\htdocs\sisprova\bootstrap\compiled.php:5751
Stack trace:
#0 C:\xampp\htdocs\sisprova\bootstrap\compiled.php(5073): Illuminate\Routing\RouteCollection->match(Object(Illuminate\Http\Request))
#1 C:\xampp\htdocs\sisprova\bootstrap\compiled.php(5061): Illuminate\Routing\Router->findRoute(Object(Illuminate\Http\Request))
#2 C:\xampp\htdocs\sisprova\bootstrap\compiled.php(5053): Illuminate\Routing\Router->dispatchToRoute(Object(Illuminate\Http\Request))
#3 C:\xampp\htdocs\sisprova\bootstrap\compiled.php(715): Illuminate\Routing\Router->dispatch(Object(Illuminate\Http\Request))
#4 C:\xampp\htdocs\sisprova\bootstrap\compiled.php(696): Illuminate\Foundation\Application->dispatch(Object(Illuminate\Http\Request))
#5 C:\xampp\htdocs\sisprova\bootstrap\compiled.php(7825): Illuminate\Foundation\Application->handle(Object(Illuminate\Http\Request), 1, true)
#6 C:\xampp\htdocs\sisprova\bootstrap\compiled.php(8432): Illuminate\Session\Middleware->handle(Object(Illuminate\Http\Request), 1, true)
#7 C:\xampp\htdocs\sisprova\bootstrap\compiled.php(8379): Illuminate\Cookie\Queue->handle(Object(Illuminate\Http\Request), 1, true)
#8 C:\xampp\htdocs\sisprova\bootstrap\compiled.php(11088): Illuminate\Cookie\Guard->handle(Object(Illuminate\Http\Request), 1, true)
#9 C:\xampp\htdocs\sisprova\bootstrap\compiled.php(657): Stack\StackedHttpKernel->handle(Object(Illuminate\Http\Request))
#10 C:\xampp\htdocs\sisprova\public\index.php(49): Illuminate\Foundation\Application->run()
#11 {main} [] []
[2016-08-19 12:28:13] production.ERROR: exception 'Symfony\Component\HttpKernel\Exception\NotFoundHttpException' in C:\xampp\htdocs\sisprova\bootstrap\compiled.php:5751
Stack trace:
#0 C:\xampp\htdocs\sisprova\bootstrap\compiled.php(5073): Illuminate\Routing\RouteCollection->match(Object(Illuminate\Http\Request))
#1 C:\xampp\htdocs\sisprova\bootstrap\compiled.php(5061): Illuminate\Routing\Router->findRoute(Object(Illuminate\Http\Request))
#2 C:\xampp\htdocs\sisprova\bootstrap\compiled.php(5053): Illuminate\Routing\Router->dispatchToRoute(Object(Illuminate\Http\Request))
#3 C:\xampp\htdocs\sisprova\bootstrap\compiled.php(715): Illuminate\Routing\Router->dispatch(Object(Illuminate\Http\Request))
#4 C:\xampp\htdocs\sisprova\bootstrap\compiled.php(696): Illuminate\Foundation\Application->dispatch(Object(Illuminate\Http\Request))
#5 C:\xampp\htdocs\sisprova\bootstrap\compiled.php(7825): Illuminate\Foundation\Application->handle(Object(Illuminate\Http\Request), 1, true)
#6 C:\xampp\htdocs\sisprova\bootstrap\compiled.php(8432): Illuminate\Session\Middleware->handle(Object(Illuminate\Http\Request), 1, true)
#7 C:\xampp\htdocs\sisprova\bootstrap\compiled.php(8379): Illuminate\Cookie\Queue->handle(Object(Illuminate\Http\Request), 1, true)
#8 C:\xampp\htdocs\sisprova\bootstrap\compiled.php(11088): Illuminate\Cookie\Guard->handle(Object(Illuminate\Http\Request), 1, true)
#9 C:\xampp\htdocs\sisprova\bootstrap\compiled.php(657): Stack\StackedHttpKernel->handle(Object(Illuminate\Http\Request))
#10 C:\xampp\htdocs\sisprova\public\index.php(49): Illuminate\Foundation\Application->run()
#11 {main} [] []
[2016-08-19 12:28:59] production.ERROR: exception 'Symfony\Component\HttpKernel\Exception\NotFoundHttpException' in C:\xampp\htdocs\sisprova\bootstrap\compiled.php:5751
Stack trace:
#0 C:\xampp\htdocs\sisprova\bootstrap\compiled.php(5073): Illuminate\Routing\RouteCollection->match(Object(Illuminate\Http\Request))
#1 C:\xampp\htdocs\sisprova\bootstrap\compiled.php(5061): Illuminate\Routing\Router->findRoute(Object(Illuminate\Http\Request))
#2 C:\xampp\htdocs\sisprova\bootstrap\compiled.php(5053): Illuminate\Routing\Router->dispatchToRoute(Object(Illuminate\Http\Request))
#3 C:\xampp\htdocs\sisprova\bootstrap\compiled.php(715): Illuminate\Routing\Router->dispatch(Object(Illuminate\Http\Request))
#4 C:\xampp\htdocs\sisprova\bootstrap\compiled.php(696): Illuminate\Foundation\Application->dispatch(Object(Illuminate\Http\Request))
#5 C:\xampp\htdocs\sisprova\bootstrap\compiled.php(7825): Illuminate\Foundation\Application->handle(Object(Illuminate\Http\Request), 1, true)
#6 C:\xampp\htdocs\sisprova\bootstrap\compiled.php(8432): Illuminate\Session\Middleware->handle(Object(Illuminate\Http\Request), 1, true)
#7 C:\xampp\htdocs\sisprova\bootstrap\compiled.php(8379): Illuminate\Cookie\Queue->handle(Object(Illuminate\Http\Request), 1, true)
#8 C:\xampp\htdocs\sisprova\bootstrap\compiled.php(11088): Illuminate\Cookie\Guard->handle(Object(Illuminate\Http\Request), 1, true)
#9 C:\xampp\htdocs\sisprova\bootstrap\compiled.php(657): Stack\StackedHttpKernel->handle(Object(Illuminate\Http\Request))
#10 C:\xampp\htdocs\sisprova\public\index.php(49): Illuminate\Foundation\Application->run()
#11 {main} [] []
[2016-08-19 12:29:09] production.ERROR: exception 'Symfony\Component\HttpKernel\Exception\NotFoundHttpException' in C:\xampp\htdocs\sisprova\bootstrap\compiled.php:5751
Stack trace:
#0 C:\xampp\htdocs\sisprova\bootstrap\compiled.php(5073): Illuminate\Routing\RouteCollection->match(Object(Illuminate\Http\Request))
#1 C:\xampp\htdocs\sisprova\bootstrap\compiled.php(5061): Illuminate\Routing\Router->findRoute(Object(Illuminate\Http\Request))
#2 C:\xampp\htdocs\sisprova\bootstrap\compiled.php(5053): Illuminate\Routing\Router->dispatchToRoute(Object(Illuminate\Http\Request))
#3 C:\xampp\htdocs\sisprova\bootstrap\compiled.php(715): Illuminate\Routing\Router->dispatch(Object(Illuminate\Http\Request))
#4 C:\xampp\htdocs\sisprova\bootstrap\compiled.php(696): Illuminate\Foundation\Application->dispatch(Object(Illuminate\Http\Request))
#5 C:\xampp\htdocs\sisprova\bootstrap\compiled.php(7825): Illuminate\Foundation\Application->handle(Object(Illuminate\Http\Request), 1, true)
#6 C:\xampp\htdocs\sisprova\bootstrap\compiled.php(8432): Illuminate\Session\Middleware->handle(Object(Illuminate\Http\Request), 1, true)
#7 C:\xampp\htdocs\sisprova\bootstrap\compiled.php(8379): Illuminate\Cookie\Queue->handle(Object(Illuminate\Http\Request), 1, true)
#8 C:\xampp\htdocs\sisprova\bootstrap\compiled.php(11088): Illuminate\Cookie\Guard->handle(Object(Illuminate\Http\Request), 1, true)
#9 C:\xampp\htdocs\sisprova\bootstrap\compiled.php(657): Stack\StackedHttpKernel->handle(Object(Illuminate\Http\Request))
#10 C:\xampp\htdocs\sisprova\public\index.php(49): Illuminate\Foundation\Application->run()
#11 {main} [] []
[2016-08-19 12:29:15] production.ERROR: exception 'Symfony\Component\HttpKernel\Exception\NotFoundHttpException' in C:\xampp\htdocs\sisprova\bootstrap\compiled.php:5751
Stack trace:
#0 C:\xampp\htdocs\sisprova\bootstrap\compiled.php(5073): Illuminate\Routing\RouteCollection->match(Object(Illuminate\Http\Request))
#1 C:\xampp\htdocs\sisprova\bootstrap\compiled.php(5061): Illuminate\Routing\Router->findRoute(Object(Illuminate\Http\Request))
#2 C:\xampp\htdocs\sisprova\bootstrap\compiled.php(5053): Illuminate\Routing\Router->dispatchToRoute(Object(Illuminate\Http\Request))
#3 C:\xampp\htdocs\sisprova\bootstrap\compiled.php(715): Illuminate\Routing\Router->dispatch(Object(Illuminate\Http\Request))
#4 C:\xampp\htdocs\sisprova\bootstrap\compiled.php(696): Illuminate\Foundation\Application->dispatch(Object(Illuminate\Http\Request))
#5 C:\xampp\htdocs\sisprova\bootstrap\compiled.php(7825): Illuminate\Foundation\Application->handle(Object(Illuminate\Http\Request), 1, true)
#6 C:\xampp\htdocs\sisprova\bootstrap\compiled.php(8432): Illuminate\Session\Middleware->handle(Object(Illuminate\Http\Request), 1, true)
#7 C:\xampp\htdocs\sisprova\bootstrap\compiled.php(8379): Illuminate\Cookie\Queue->handle(Object(Illuminate\Http\Request), 1, true)
#8 C:\xampp\htdocs\sisprova\bootstrap\compiled.php(11088): Illuminate\Cookie\Guard->handle(Object(Illuminate\Http\Request), 1, true)
#9 C:\xampp\htdocs\sisprova\bootstrap\compiled.php(657): Stack\StackedHttpKernel->handle(Object(Illuminate\Http\Request))
#10 C:\xampp\htdocs\sisprova\public\index.php(49): Illuminate\Foundation\Application->run()
#11 {main} [] []
[2016-08-19 12:30:47] production.ERROR: exception 'Symfony\Component\HttpKernel\Exception\NotFoundHttpException' in C:\xampp\htdocs\sisprova\bootstrap\compiled.php:5751
Stack trace:
#0 C:\xampp\htdocs\sisprova\bootstrap\compiled.php(5073): Illuminate\Routing\RouteCollection->match(Object(Illuminate\Http\Request))
#1 C:\xampp\htdocs\sisprova\bootstrap\compiled.php(5061): Illuminate\Routing\Router->findRoute(Object(Illuminate\Http\Request))
#2 C:\xampp\htdocs\sisprova\bootstrap\compiled.php(5053): Illuminate\Routing\Router->dispatchToRoute(Object(Illuminate\Http\Request))
#3 C:\xampp\htdocs\sisprova\bootstrap\compiled.php(715): Illuminate\Routing\Router->dispatch(Object(Illuminate\Http\Request))
#4 C:\xampp\htdocs\sisprova\bootstrap\compiled.php(696): Illuminate\Foundation\Application->dispatch(Object(Illuminate\Http\Request))
#5 C:\xampp\htdocs\sisprova\bootstrap\compiled.php(7825): Illuminate\Foundation\Application->handle(Object(Illuminate\Http\Request), 1, true)
#6 C:\xampp\htdocs\sisprova\bootstrap\compiled.php(8432): Illuminate\Session\Middleware->handle(Object(Illuminate\Http\Request), 1, true)
#7 C:\xampp\htdocs\sisprova\bootstrap\compiled.php(8379): Illuminate\Cookie\Queue->handle(Object(Illuminate\Http\Request), 1, true)
#8 C:\xampp\htdocs\sisprova\bootstrap\compiled.php(11088): Illuminate\Cookie\Guard->handle(Object(Illuminate\Http\Request), 1, true)
#9 C:\xampp\htdocs\sisprova\bootstrap\compiled.php(657): Stack\StackedHttpKernel->handle(Object(Illuminate\Http\Request))
#10 C:\xampp\htdocs\sisprova\public\index.php(49): Illuminate\Foundation\Application->run()
#11 {main} [] []
[2016-08-19 12:32:48] production.ERROR: exception 'Symfony\Component\HttpKernel\Exception\NotFoundHttpException' in C:\xampp\htdocs\sisprova\bootstrap\compiled.php:5751
Stack trace:
#0 C:\xampp\htdocs\sisprova\bootstrap\compiled.php(5073): Illuminate\Routing\RouteCollection->match(Object(Illuminate\Http\Request))
#1 C:\xampp\htdocs\sisprova\bootstrap\compiled.php(5061): Illuminate\Routing\Router->findRoute(Object(Illuminate\Http\Request))
#2 C:\xampp\htdocs\sisprova\bootstrap\compiled.php(5053): Illuminate\Routing\Router->dispatchToRoute(Object(Illuminate\Http\Request))
#3 C:\xampp\htdocs\sisprova\bootstrap\compiled.php(715): Illuminate\Routing\Router->dispatch(Object(Illuminate\Http\Request))
#4 C:\xampp\htdocs\sisprova\bootstrap\compiled.php(696): Illuminate\Foundation\Application->dispatch(Object(Illuminate\Http\Request))
#5 C:\xampp\htdocs\sisprova\bootstrap\compiled.php(7825): Illuminate\Foundation\Application->handle(Object(Illuminate\Http\Request), 1, true)
#6 C:\xampp\htdocs\sisprova\bootstrap\compiled.php(8432): Illuminate\Session\Middleware->handle(Object(Illuminate\Http\Request), 1, true)
#7 C:\xampp\htdocs\sisprova\bootstrap\compiled.php(8379): Illuminate\Cookie\Queue->handle(Object(Illuminate\Http\Request), 1, true)
#8 C:\xampp\htdocs\sisprova\bootstrap\compiled.php(11088): Illuminate\Cookie\Guard->handle(Object(Illuminate\Http\Request), 1, true)
#9 C:\xampp\htdocs\sisprova\bootstrap\compiled.php(657): Stack\StackedHttpKernel->handle(Object(Illuminate\Http\Request))
#10 C:\xampp\htdocs\sisprova\public\index.php(49): Illuminate\Foundation\Application->run()
#11 {main} [] []
[2016-08-19 12:33:08] production.ERROR: exception 'Symfony\Component\HttpKernel\Exception\NotFoundHttpException' in C:\xampp\htdocs\sisprova\bootstrap\compiled.php:5751
Stack trace:
#0 C:\xampp\htdocs\sisprova\bootstrap\compiled.php(5073): Illuminate\Routing\RouteCollection->match(Object(Illuminate\Http\Request))
#1 C:\xampp\htdocs\sisprova\bootstrap\compiled.php(5061): Illuminate\Routing\Router->findRoute(Object(Illuminate\Http\Request))
#2 C:\xampp\htdocs\sisprova\bootstrap\compiled.php(5053): Illuminate\Routing\Router->dispatchToRoute(Object(Illuminate\Http\Request))
#3 C:\xampp\htdocs\sisprova\bootstrap\compiled.php(715): Illuminate\Routing\Router->dispatch(Object(Illuminate\Http\Request))
#4 C:\xampp\htdocs\sisprova\bootstrap\compiled.php(696): Illuminate\Foundation\Application->dispatch(Object(Illuminate\Http\Request))
#5 C:\xampp\htdocs\sisprova\bootstrap\compiled.php(7825): Illuminate\Foundation\Application->handle(Object(Illuminate\Http\Request), 1, true)
#6 C:\xampp\htdocs\sisprova\bootstrap\compiled.php(8432): Illuminate\Session\Middleware->handle(Object(Illuminate\Http\Request), 1, true)
#7 C:\xampp\htdocs\sisprova\bootstrap\compiled.php(8379): Illuminate\Cookie\Queue->handle(Object(Illuminate\Http\Request), 1, true)
#8 C:\xampp\htdocs\sisprova\bootstrap\compiled.php(11088): Illuminate\Cookie\Guard->handle(Object(Illuminate\Http\Request), 1, true)
#9 C:\xampp\htdocs\sisprova\bootstrap\compiled.php(657): Stack\StackedHttpKernel->handle(Object(Illuminate\Http\Request))
#10 C:\xampp\htdocs\sisprova\public\index.php(49): Illuminate\Foundation\Application->run()
#11 {main} [] []
[2016-08-19 12:36:09] production.ERROR: exception 'Symfony\Component\HttpKernel\Exception\NotFoundHttpException' in C:\xampp\htdocs\sisprova\bootstrap\compiled.php:5751
Stack trace:
#0 C:\xampp\htdocs\sisprova\bootstrap\compiled.php(5073): Illuminate\Routing\RouteCollection->match(Object(Illuminate\Http\Request))
#1 C:\xampp\htdocs\sisprova\bootstrap\compiled.php(5061): Illuminate\Routing\Router->findRoute(Object(Illuminate\Http\Request))
#2 C:\xampp\htdocs\sisprova\bootstrap\compiled.php(5053): Illuminate\Routing\Router->dispatchToRoute(Object(Illuminate\Http\Request))
#3 C:\xampp\htdocs\sisprova\bootstrap\compiled.php(715): Illuminate\Routing\Router->dispatch(Object(Illuminate\Http\Request))
#4 C:\xampp\htdocs\sisprova\bootstrap\compiled.php(696): Illuminate\Foundation\Application->dispatch(Object(Illuminate\Http\Request))
#5 C:\xampp\htdocs\sisprova\bootstrap\compiled.php(7825): Illuminate\Foundation\Application->handle(Object(Illuminate\Http\Request), 1, true)
#6 C:\xampp\htdocs\sisprova\bootstrap\compiled.php(8432): Illuminate\Session\Middleware->handle(Object(Illuminate\Http\Request), 1, true)
#7 C:\xampp\htdocs\sisprova\bootstrap\compiled.php(8379): Illuminate\Cookie\Queue->handle(Object(Illuminate\Http\Request), 1, true)
#8 C:\xampp\htdocs\sisprova\bootstrap\compiled.php(11088): Illuminate\Cookie\Guard->handle(Object(Illuminate\Http\Request), 1, true)
#9 C:\xampp\htdocs\sisprova\bootstrap\compiled.php(657): Stack\StackedHttpKernel->handle(Object(Illuminate\Http\Request))
#10 C:\xampp\htdocs\sisprova\public\index.php(49): Illuminate\Foundation\Application->run()
#11 {main} [] []
[2016-08-19 12:51:33] production.ERROR: exception 'Symfony\Component\HttpKernel\Exception\NotFoundHttpException' in C:\xampp\htdocs\sisprova\bootstrap\compiled.php:5751
Stack trace:
#0 C:\xampp\htdocs\sisprova\bootstrap\compiled.php(5073): Illuminate\Routing\RouteCollection->match(Object(Illuminate\Http\Request))
#1 C:\xampp\htdocs\sisprova\bootstrap\compiled.php(5061): Illuminate\Routing\Router->findRoute(Object(Illuminate\Http\Request))
#2 C:\xampp\htdocs\sisprova\bootstrap\compiled.php(5053): Illuminate\Routing\Router->dispatchToRoute(Object(Illuminate\Http\Request))
#3 C:\xampp\htdocs\sisprova\bootstrap\compiled.php(715): Illuminate\Routing\Router->dispatch(Object(Illuminate\Http\Request))
#4 C:\xampp\htdocs\sisprova\bootstrap\compiled.php(696): Illuminate\Foundation\Application->dispatch(Object(Illuminate\Http\Request))
#5 C:\xampp\htdocs\sisprova\bootstrap\compiled.php(7825): Illuminate\Foundation\Application->handle(Object(Illuminate\Http\Request), 1, true)
#6 C:\xampp\htdocs\sisprova\bootstrap\compiled.php(8432): Illuminate\Session\Middleware->handle(Object(Illuminate\Http\Request), 1, true)
#7 C:\xampp\htdocs\sisprova\bootstrap\compiled.php(8379): Illuminate\Cookie\Queue->handle(Object(Illuminate\Http\Request), 1, true)
#8 C:\xampp\htdocs\sisprova\bootstrap\compiled.php(11088): Illuminate\Cookie\Guard->handle(Object(Illuminate\Http\Request), 1, true)
#9 C:\xampp\htdocs\sisprova\bootstrap\compiled.php(657): Stack\StackedHttpKernel->handle(Object(Illuminate\Http\Request))
#10 C:\xampp\htdocs\sisprova\public\index.php(49): Illuminate\Foundation\Application->run()
#11 {main} [] []
[2016-08-19 13:10:18] production.ERROR: exception 'Symfony\Component\HttpKernel\Exception\NotFoundHttpException' in C:\xampp\htdocs\sisprova\bootstrap\compiled.php:5751
Stack trace:
#0 C:\xampp\htdocs\sisprova\bootstrap\compiled.php(5073): Illuminate\Routing\RouteCollection->match(Object(Illuminate\Http\Request))
#1 C:\xampp\htdocs\sisprova\bootstrap\compiled.php(5061): Illuminate\Routing\Router->findRoute(Object(Illuminate\Http\Request))
#2 C:\xampp\htdocs\sisprova\bootstrap\compiled.php(5053): Illuminate\Routing\Router->dispatchToRoute(Object(Illuminate\Http\Request))
#3 C:\xampp\htdocs\sisprova\bootstrap\compiled.php(715): Illuminate\Routing\Router->dispatch(Object(Illuminate\Http\Request))
#4 C:\xampp\htdocs\sisprova\bootstrap\compiled.php(696): Illuminate\Foundation\Application->dispatch(Object(Illuminate\Http\Request))
#5 C:\xampp\htdocs\sisprova\bootstrap\compiled.php(7825): Illuminate\Foundation\Application->handle(Object(Illuminate\Http\Request), 1, true)
#6 C:\xampp\htdocs\sisprova\bootstrap\compiled.php(8432): Illuminate\Session\Middleware->handle(Object(Illuminate\Http\Request), 1, true)
#7 C:\xampp\htdocs\sisprova\bootstrap\compiled.php(8379): Illuminate\Cookie\Queue->handle(Object(Illuminate\Http\Request), 1, true)
#8 C:\xampp\htdocs\sisprova\bootstrap\compiled.php(11088): Illuminate\Cookie\Guard->handle(Object(Illuminate\Http\Request), 1, true)
#9 C:\xampp\htdocs\sisprova\bootstrap\compiled.php(657): Stack\StackedHttpKernel->handle(Object(Illuminate\Http\Request))
#10 C:\xampp\htdocs\sisprova\public\index.php(49): Illuminate\Foundation\Application->run()
#11 {main} [] []
[2016-08-19 13:12:36] production.ERROR: exception 'Symfony\Component\HttpKernel\Exception\NotFoundHttpException' in C:\xampp\htdocs\sisprova\bootstrap\compiled.php:5751
Stack trace:
#0 C:\xampp\htdocs\sisprova\bootstrap\compiled.php(5073): Illuminate\Routing\RouteCollection->match(Object(Illuminate\Http\Request))
#1 C:\xampp\htdocs\sisprova\bootstrap\compiled.php(5061): Illuminate\Routing\Router->findRoute(Object(Illuminate\Http\Request))
#2 C:\xampp\htdocs\sisprova\bootstrap\compiled.php(5053): Illuminate\Routing\Router->dispatchToRoute(Object(Illuminate\Http\Request))
#3 C:\xampp\htdocs\sisprova\bootstrap\compiled.php(715): Illuminate\Routing\Router->dispatch(Object(Illuminate\Http\Request))
#4 C:\xampp\htdocs\sisprova\bootstrap\compiled.php(696): Illuminate\Foundation\Application->dispatch(Object(Illuminate\Http\Request))
#5 C:\xampp\htdocs\sisprova\bootstrap\compiled.php(7825): Illuminate\Foundation\Application->handle(Object(Illuminate\Http\Request), 1, true)
#6 C:\xampp\htdocs\sisprova\bootstrap\compiled.php(8432): Illuminate\Session\Middleware->handle(Object(Illuminate\Http\Request), 1, true)
#7 C:\xampp\htdocs\sisprova\bootstrap\compiled.php(8379): Illuminate\Cookie\Queue->handle(Object(Illuminate\Http\Request), 1, true)
#8 C:\xampp\htdocs\sisprova\bootstrap\compiled.php(11088): Illuminate\Cookie\Guard->handle(Object(Illuminate\Http\Request), 1, true)
#9 C:\xampp\htdocs\sisprova\bootstrap\compiled.php(657): Stack\StackedHttpKernel->handle(Object(Illuminate\Http\Request))
#10 C:\xampp\htdocs\sisprova\public\index.php(49): Illuminate\Foundation\Application->run()
#11 {main} [] []
[2016-08-19 13:15:35] production.ERROR: exception 'Symfony\Component\HttpKernel\Exception\NotFoundHttpException' in C:\xampp\htdocs\sisprova\bootstrap\compiled.php:5751
Stack trace:
#0 C:\xampp\htdocs\sisprova\bootstrap\compiled.php(5073): Illuminate\Routing\RouteCollection->match(Object(Illuminate\Http\Request))
#1 C:\xampp\htdocs\sisprova\bootstrap\compiled.php(5061): Illuminate\Routing\Router->findRoute(Object(Illuminate\Http\Request))
#2 C:\xampp\htdocs\sisprova\bootstrap\compiled.php(5053): Illuminate\Routing\Router->dispatchToRoute(Object(Illuminate\Http\Request))
#3 C:\xampp\htdocs\sisprova\bootstrap\compiled.php(715): Illuminate\Routing\Router->dispatch(Object(Illuminate\Http\Request))
#4 C:\xampp\htdocs\sisprova\bootstrap\compiled.php(696): Illuminate\Foundation\Application->dispatch(Object(Illuminate\Http\Request))
#5 C:\xampp\htdocs\sisprova\bootstrap\compiled.php(7825): Illuminate\Foundation\Application->handle(Object(Illuminate\Http\Request), 1, true)
#6 C:\xampp\htdocs\sisprova\bootstrap\compiled.php(8432): Illuminate\Session\Middleware->handle(Object(Illuminate\Http\Request), 1, true)
#7 C:\xampp\htdocs\sisprova\bootstrap\compiled.php(8379): Illuminate\Cookie\Queue->handle(Object(Illuminate\Http\Request), 1, true)
#8 C:\xampp\htdocs\sisprova\bootstrap\compiled.php(11088): Illuminate\Cookie\Guard->handle(Object(Illuminate\Http\Request), 1, true)
#9 C:\xampp\htdocs\sisprova\bootstrap\compiled.php(657): Stack\StackedHttpKernel->handle(Object(Illuminate\Http\Request))
#10 C:\xampp\htdocs\sisprova\public\index.php(49): Illuminate\Foundation\Application->run()
#11 {main} [] []
[2016-08-19 13:19:53] production.ERROR: exception 'Symfony\Component\HttpKernel\Exception\NotFoundHttpException' in C:\xampp\htdocs\sisprova\bootstrap\compiled.php:5751
Stack trace:
#0 C:\xampp\htdocs\sisprova\bootstrap\compiled.php(5073): Illuminate\Routing\RouteCollection->match(Object(Illuminate\Http\Request))
#1 C:\xampp\htdocs\sisprova\bootstrap\compiled.php(5061): Illuminate\Routing\Router->findRoute(Object(Illuminate\Http\Request))
#2 C:\xampp\htdocs\sisprova\bootstrap\compiled.php(5053): Illuminate\Routing\Router->dispatchToRoute(Object(Illuminate\Http\Request))
#3 C:\xampp\htdocs\sisprova\bootstrap\compiled.php(715): Illuminate\Routing\Router->dispatch(Object(Illuminate\Http\Request))
#4 C:\xampp\htdocs\sisprova\bootstrap\compiled.php(696): Illuminate\Foundation\Application->dispatch(Object(Illuminate\Http\Request))
#5 C:\xampp\htdocs\sisprova\bootstrap\compiled.php(7825): Illuminate\Foundation\Application->handle(Object(Illuminate\Http\Request), 1, true)
#6 C:\xampp\htdocs\sisprova\bootstrap\compiled.php(8432): Illuminate\Session\Middleware->handle(Object(Illuminate\Http\Request), 1, true)
#7 C:\xampp\htdocs\sisprova\bootstrap\compiled.php(8379): Illuminate\Cookie\Queue->handle(Object(Illuminate\Http\Request), 1, true)
#8 C:\xampp\htdocs\sisprova\bootstrap\compiled.php(11088): Illuminate\Cookie\Guard->handle(Object(Illuminate\Http\Request), 1, true)
#9 C:\xampp\htdocs\sisprova\bootstrap\compiled.php(657): Stack\StackedHttpKernel->handle(Object(Illuminate\Http\Request))
#10 C:\xampp\htdocs\sisprova\public\index.php(49): Illuminate\Foundation\Application->run()
#11 {main} [] []
[2016-08-19 13:57:35] production.ERROR: exception 'Symfony\Component\HttpKernel\Exception\NotFoundHttpException' in C:\xampp\htdocs\sisprova\bootstrap\compiled.php:5751
Stack trace:
#0 C:\xampp\htdocs\sisprova\bootstrap\compiled.php(5073): Illuminate\Routing\RouteCollection->match(Object(Illuminate\Http\Request))
#1 C:\xampp\htdocs\sisprova\bootstrap\compiled.php(5061): Illuminate\Routing\Router->findRoute(Object(Illuminate\Http\Request))
#2 C:\xampp\htdocs\sisprova\bootstrap\compiled.php(5053): Illuminate\Routing\Router->dispatchToRoute(Object(Illuminate\Http\Request))
#3 C:\xampp\htdocs\sisprova\bootstrap\compiled.php(715): Illuminate\Routing\Router->dispatch(Object(Illuminate\Http\Request))
#4 C:\xampp\htdocs\sisprova\bootstrap\compiled.php(696): Illuminate\Foundation\Application->dispatch(Object(Illuminate\Http\Request))
#5 C:\xampp\htdocs\sisprova\bootstrap\compiled.php(7825): Illuminate\Foundation\Application->handle(Object(Illuminate\Http\Request), 1, true)
#6 C:\xampp\htdocs\sisprova\bootstrap\compiled.php(8432): Illuminate\Session\Middleware->handle(Object(Illuminate\Http\Request), 1, true)
#7 C:\xampp\htdocs\sisprova\bootstrap\compiled.php(8379): Illuminate\Cookie\Queue->handle(Object(Illuminate\Http\Request), 1, true)
#8 C:\xampp\htdocs\sisprova\bootstrap\compiled.php(11088): Illuminate\Cookie\Guard->handle(Object(Illuminate\Http\Request), 1, true)
#9 C:\xampp\htdocs\sisprova\bootstrap\compiled.php(657): Stack\StackedHttpKernel->handle(Object(Illuminate\Http\Request))
#10 C:\xampp\htdocs\sisprova\public\index.php(49): Illuminate\Foundation\Application->run()
#11 {main} [] []
[2016-08-19 14:36:58] production.ERROR: exception 'Symfony\Component\HttpKernel\Exception\NotFoundHttpException' in C:\xampp\htdocs\sisprova\bootstrap\compiled.php:5751
Stack trace:
#0 C:\xampp\htdocs\sisprova\bootstrap\compiled.php(5073): Illuminate\Routing\RouteCollection->match(Object(Illuminate\Http\Request))
#1 C:\xampp\htdocs\sisprova\bootstrap\compiled.php(5061): Illuminate\Routing\Router->findRoute(Object(Illuminate\Http\Request))
#2 C:\xampp\htdocs\sisprova\bootstrap\compiled.php(5053): Illuminate\Routing\Router->dispatchToRoute(Object(Illuminate\Http\Request))
#3 C:\xampp\htdocs\sisprova\bootstrap\compiled.php(715): Illuminate\Routing\Router->dispatch(Object(Illuminate\Http\Request))
#4 C:\xampp\htdocs\sisprova\bootstrap\compiled.php(696): Illuminate\Foundation\Application->dispatch(Object(Illuminate\Http\Request))
#5 C:\xampp\htdocs\sisprova\bootstrap\compiled.php(7825): Illuminate\Foundation\Application->handle(Object(Illuminate\Http\Request), 1, true)
#6 C:\xampp\htdocs\sisprova\bootstrap\compiled.php(8432): Illuminate\Session\Middleware->handle(Object(Illuminate\Http\Request), 1, true)
#7 C:\xampp\htdocs\sisprova\bootstrap\compiled.php(8379): Illuminate\Cookie\Queue->handle(Object(Illuminate\Http\Request), 1, true)
#8 C:\xampp\htdocs\sisprova\bootstrap\compiled.php(11088): Illuminate\Cookie\Guard->handle(Object(Illuminate\Http\Request), 1, true)
#9 C:\xampp\htdocs\sisprova\bootstrap\compiled.php(657): Stack\StackedHttpKernel->handle(Object(Illuminate\Http\Request))
#10 C:\xampp\htdocs\sisprova\public\index.php(49): Illuminate\Foundation\Application->run()
#11 {main} [] []
